2019-10-08T03:44:57.452Z "SEARCH" "b5caddbf-98d9-4cff-8ad9-0b83bb55f8b7" "feằ" 
2019-10-08T03:44:58.805Z "SEARCH" "b5caddbf-98d9-4cff-8ad9-0b83bb55f8b7" "faewf" 
2019-10-08T03:45:01.725Z "SEARCH" "b5caddbf-98d9-4cff-8ad9-0b83bb55f8b7" "xin chào" 
2019-10-08T03:45:10.421Z "SEARCH" "-" "fewfew" 
2019-10-08T03:45:17.358Z "SEARCH" "a9172390-7cab-4ba3-a647-22c8cf4f66f2" "feằ" 
2019-10-08T03:45:18.810Z "SEARCH" "a9172390-7cab-4ba3-a647-22c8cf4f66f2" "faewf" 
2019-10-08T03:45:24.332Z "SEARCH" "a9172390-7cab-4ba3-a647-22c8cf4f66f2" "faewf" 
2019-10-08T04:43:29.296Z "SEARCH" "b5caddbf-98d9-4cff-8ad9-0b83bb55f8b7" "ff" 
2019-10-08T04:44:38.148Z "ADD TO CART" "b5caddbf-98d9-4cff-8ad9-0b83bb55f8b7" "5d92c14d5f4884140478d77f" 
2019-10-08T04:44:54.559Z "ADD TO CART" "b5caddbf-98d9-4cff-8ad9-0b83bb55f8b7" "5d92c14d5f4884140478d77f" 
2019-10-08T04:44:58.526Z "ADD TO CART" "b5caddbf-98d9-4cff-8ad9-0b83bb55f8b7" "5d92c14d5f4884140478d782" 
2019-10-08T04:45:10.671Z "ADD TO CART" "b5caddbf-98d9-4cff-8ad9-0b83bb55f8b7" "5d92c14d5f4884140478d781" 
2019-10-08T04:45:16.029Z "SEARCH" "b5caddbf-98d9-4cff-8ad9-0b83bb55f8b7" "backpack" 
2019-10-08T04:46:07.454Z "ADD TO CART" "b5caddbf-98d9-4cff-8ad9-0b83bb55f8b7" "5d92c14d5f4884140478d782" 
2019-10-08T04:51:15.319Z "ADD TO CART" "b5caddbf-98d9-4cff-8ad9-0b83bb55f8b7" "5d92c14d5f4884140478d77f" 
2019-10-08T05:48:24.805Z "SEARCH" "-" "ff" 
2019-10-08T05:48:36.296Z "SEARCH" "-" "ff" 
2019-10-08T05:48:52.703Z "SEARCH" "75600567-080d-463e-a6c9-b0f65df2bc71" "ff" 
2019-10-08T05:48:54.772Z "SEARCH" "0ffef9b6-8b23-4b36-b217-bd78072b3aac" "ff" 
2019-10-08T05:49:03.673Z "SEARCH" "778fa69d-6222-4f6b-9217-6dd27d531c3a" "yolo" 
2019-10-08T05:49:29.045Z "SEARCH" "1b9ec7e6-5e72-42ed-8736-07cbaf289b18" "yolo" 
2019-10-08T05:49:30.987Z "SEARCH" "1b9ec7e6-5e72-42ed-8736-07cbaf289b18" "ff" 
2019-10-08T05:49:34.180Z "SEARCH" "1b9ec7e6-5e72-42ed-8736-07cbaf289b18" "ff" 
2019-10-08T05:49:36.675Z "SEARCH" "1b9ec7e6-5e72-42ed-8736-07cbaf289b18" "ff" 
2019-10-08T05:53:13.792Z "ADD TO CART" "-" "5d92c14d5f4884140478d77f" 
2019-10-08T05:58:30.770Z "REGISTER" "-" "huynguyend111@gmail.com" 
2019-10-08T05:59:42.314Z "ADD TO CART" "1b9ec7e6-5e72-42ed-8736-07cbaf289b18" "5d92c14d5f4884140478d77f" 
2019-10-08T06:01:14.019Z "REGISTER" "1b9ec7e6-5e72-42ed-8736-07cbaf289b18" "huynguyend11@gmail.com" 
2019-10-08T06:06:07.348Z "SEARCH" "1b9ec7e6-5e72-42ed-8736-07cbaf289b18" "hello" 
2019-10-08T06:06:11.331Z "ADD TO CART" "1b9ec7e6-5e72-42ed-8736-07cbaf289b18" "5d92c14d5f4884140478d782" 
2019-10-08T06:26:25.298Z "ADD TO CART" "1b9ec7e6-5e72-42ed-8736-07cbaf289b18" "5d92c14d5f4884140478d77f" 
2019-10-08T06:26:48.331Z "LOGIN" "1b9ec7e6-5e72-42ed-8736-07cbaf289b18" "huynguyend11@gmail.com" 
2019-10-08T06:32:09.189Z "ADD TO CART" "1b9ec7e6-5e72-42ed-8736-07cbaf289b18" "5d92c14d5f4884140478d77f" 
2019-10-08T06:48:54.676Z "ADD TO CART" "1b9ec7e6-5e72-42ed-8736-07cbaf289b18" "5d92c14d5f4884140478d77f" 
2019-10-08T06:49:09.154Z "LOGIN" "1b9ec7e6-5e72-42ed-8736-07cbaf289b18" "huynguyend11@gmail.com" 
2019-10-08T07:09:34.203Z "SEARCH" "UcABGgx5_yogb2rm4Xb_JAR-QPz9xTHB" "boot" 
2019-10-08T07:09:46.253Z "ADD TO CART" "UcABGgx5_yogb2rm4Xb_JAR-QPz9xTHB" "5d92c14d5f4884140478d77f" 
2019-10-08T07:10:07.828Z "SEARCH" "IpQFoqaBgZmRl-FwNlP0RFR4HXXGdQX0" "yo" 
2019-10-08T07:11:11.214Z "ADD TO CART" "IpQFoqaBgZmRl-FwNlP0RFR4HXXGdQX0" "5d92c14d5f4884140478d77f" 
2019-10-08T07:11:29.897Z "REGISTER" "IpQFoqaBgZmRl-FwNlP0RFR4HXXGdQX0" "1@gmail.com" 
2019-10-08T07:23:20.881Z "SEARCH" "UcABGgx5_yogb2rm4Xb_JAR-QPz9xTHB" "dd" 
2019-10-08T07:23:34.730Z "ADD TO CART" "UcABGgx5_yogb2rm4Xb_JAR-QPz9xTHB" "5d92c14d5f4884140478d77f" 
2019-10-08T07:31:51.238Z "ADD TO CART" "zPfhTMaNBzeXtz9A1GGarKp0Y7e8ztwp" "5d92c14d5f4884140478d77f" 
2019-10-08T07:32:18.869Z "LOGIN" "zPfhTMaNBzeXtz9A1GGarKp0Y7e8ztwp" "1@gmail.com" 
2019-10-08T07:35:57.317Z "ADD TO CART" "zPfhTMaNBzeXtz9A1GGarKp0Y7e8ztwp" "5d92c14d5f4884140478d77f" 
2019-10-08T07:36:01.110Z "ADD TO CART" "zPfhTMaNBzeXtz9A1GGarKp0Y7e8ztwp" "5d92c14d5f4884140478d781" 
2019-10-08T07:36:03.577Z "ADD TO CART" "zPfhTMaNBzeXtz9A1GGarKp0Y7e8ztwp" "5d92c14d5f4884140478d782" 
2019-10-08T07:37:31.167Z "PAYMENT" "zPfhTMaNBzeXtz9A1GGarKp0Y7e8ztwp" "1@gmail.com" "1673.95" "5d92c14d5f4884140478d77f 4, 5d92c14d5f4884140478d781 3, 5d92c14d5f4884140478d782 1" 
2019-10-08T07:39:16.698Z "PAYMENT" "zPfhTMaNBzeXtz9A1GGarKp0Y7e8ztwp" "1@gmail.com" "1673.95" "5d92c14d5f4884140478d77f 4, 5d92c14d5f4884140478d781 3, 5d92c14d5f4884140478d782 1" 
2019-10-08T07:40:05.960Z "PAYMENT" "zPfhTMaNBzeXtz9A1GGarKp0Y7e8ztwp" "1@gmail.com" "1673.95" "5d92c14d5f4884140478d77f 4, 5d92c14d5f4884140478d781 3, 5d92c14d5f4884140478d782 1" 
2019-10-08T07:40:12.188Z "ADD TO CART" "zPfhTMaNBzeXtz9A1GGarKp0Y7e8ztwp" "5d92c14d5f4884140478d77f" 
2019-10-08T07:40:15.554Z "PAYMENT" "zPfhTMaNBzeXtz9A1GGarKp0Y7e8ztwp" "1@gmail.com" "1983.95" "5d92c14d5f4884140478d77f 5, 5d92c14d5f4884140478d781 3, 5d92c14d5f4884140478d782 1" 
2019-10-08T07:41:31.607Z "ADD TO CART" "zPfhTMaNBzeXtz9A1GGarKp0Y7e8ztwp" "5d92c14d5f4884140478d77f" 
2019-10-08T07:41:34.995Z "PAYMENT" "zPfhTMaNBzeXtz9A1GGarKp0Y7e8ztwp" "1@gmail.com" "2293.95" "5d92c14d5f4884140478d77f 6, 5d92c14d5f4884140478d781 3, 5d92c14d5f4884140478d782 1" 
